2025-08-16 21:01:46 [main] INFO  tests.LoginTest - Driver Initialized
2025-08-16 21:01:48 [main] INFO  tests.LoginTest - Starting Test LoginTestselenium@gmail.com
2025-08-16 21:01:48 [main] INFO  tests.LoginTest - click on the account option
2025-08-16 21:01:48 [main] INFO  tests.LoginTest - click on the login option
2025-08-16 21:01:48 [main] INFO  tests.LoginTest - Successfully navigated to login page
2025-08-16 21:01:48 [main] INFO  tests.LoginTest - Entering email:selenium@gmail.com
2025-08-16 21:01:48 [main] INFO  tests.LoginTest - Entering password
2025-08-16 21:01:49 [main] INFO  tests.LoginTest - User Login Test Successful
2025-08-16 21:01:49 [main] INFO  tests.LoginTest - Driver got closed
2025-08-16 21:02:05 [main] INFO  tests.LoginTest - Driver Initialized
2025-08-16 21:02:07 [main] INFO  tests.LoginTest - Starting Test LoginTestselenium@gmail.com
2025-08-16 21:02:07 [main] INFO  tests.LoginTest - click on the account option
2025-08-16 21:02:07 [main] INFO  tests.LoginTest - click on the login option
2025-08-16 21:02:07 [main] INFO  tests.LoginTest - Successfully navigated to login page
2025-08-16 21:02:08 [main] INFO  tests.LoginTest - Entering email:selenium@gmail.com
2025-08-16 21:02:08 [main] INFO  tests.LoginTest - Entering password
2025-08-16 21:02:08 [main] INFO  tests.LoginTest - User Login Test Successful
2025-08-16 21:02:10 [main] INFO  tests.LoginTest - Driver got closed
2025-08-16 21:02:20 [main] INFO  tests.LoginTest - Driver Initialized
2025-08-16 21:02:22 [main] INFO  tests.LoginTest - Starting Test LoginTestselenium@gmail.com
2025-08-16 21:02:22 [main] INFO  tests.LoginTest - click on the account option
2025-08-16 21:02:22 [main] INFO  tests.LoginTest - click on the login option
2025-08-16 21:02:22 [main] INFO  tests.LoginTest - Successfully navigated to login page
2025-08-16 21:02:22 [main] INFO  tests.LoginTest - Entering email:selenium@gmail.com
2025-08-16 21:02:22 [main] INFO  tests.LoginTest - Entering password
2025-08-16 21:02:22 [main] INFO  tests.LoginTest - User Login Test Successful
2025-08-16 21:02:24 [main] INFO  tests.LoginTest - Driver got closed
2025-08-16 21:08:33 [main] INFO  tests.LoginTest - Driver Initialized
2025-08-16 21:08:35 [main] INFO  tests.LoginTest - Starting Test LoginTestselenium@gmail.com
2025-08-16 21:08:35 [main] INFO  tests.LoginTest - click on the account option
2025-08-16 21:08:35 [main] INFO  tests.LoginTest - click on the login option
2025-08-16 21:08:35 [main] INFO  tests.LoginTest - Successfully navigated to login page
2025-08-16 21:08:36 [main] INFO  tests.LoginTest - Entering email:selenium@gmail.com
2025-08-16 21:08:36 [main] INFO  tests.LoginTest - Entering password
2025-08-16 21:08:36 [main] INFO  tests.LoginTest - User Login Test Successful
2025-08-16 21:08:38 [main] INFO  tests.LoginTest - Driver got closed
2025-08-16 21:09:42 [main] INFO  tests.LoginTest - Driver Initialized
2025-08-16 21:09:51 [main] INFO  tests.LoginTest - Starting Test LoginTestselenium@gmail.com
2025-08-16 21:09:51 [main] INFO  tests.LoginTest - click on the account option
2025-08-16 21:09:51 [main] INFO  tests.LoginTest - click on the login option
2025-08-16 21:09:51 [main] INFO  tests.LoginTest - Successfully navigated to login page
2025-08-16 21:09:51 [main] INFO  tests.LoginTest - Entering email:selenium@gmail.com
2025-08-16 21:09:51 [main] INFO  tests.LoginTest - Entering password
2025-08-16 21:09:53 [main] INFO  tests.LoginTest - User Login Test Successful
2025-08-16 21:09:55 [main] INFO  tests.LoginTest - Driver got closed
2025-08-16 21:12:19 [main] INFO  tests.LoginTest - Driver Initialized
2025-08-16 21:12:26 [main] INFO  tests.LoginTest - Starting Test LoginTestselenium@gmail.com
2025-08-16 21:12:26 [main] INFO  tests.LoginTest - click on the account option
2025-08-16 21:12:27 [main] INFO  tests.LoginTest - click on the login option
2025-08-16 21:12:27 [main] INFO  tests.LoginTest - Successfully navigated to login page
2025-08-16 21:12:27 [main] INFO  tests.LoginTest - Entering email:selenium@gmail.com
2025-08-16 21:12:27 [main] INFO  tests.LoginTest - Entering password
2025-08-16 21:12:28 [main] INFO  tests.LoginTest - User Login Test Successful
2025-08-16 21:12:30 [main] INFO  tests.LoginTest - Driver got closed
2025-08-16 21:18:43 [main] INFO  tests.LoginTest - Driver Initialized
2025-08-16 21:18:49 [main] INFO  tests.LoginTest - Starting Test LoginTestselenium@gmail.com
2025-08-16 21:18:49 [main] INFO  tests.LoginTest - click on the account option
2025-08-16 21:18:49 [main] INFO  tests.LoginTest - click on the login option
2025-08-16 21:18:49 [main] INFO  tests.LoginTest - Successfully navigated to login page
2025-08-16 21:18:49 [main] INFO  tests.LoginTest - Entering email:selenium@gmail.com
2025-08-16 21:18:49 [main] INFO  tests.LoginTest - Entering password
2025-08-16 21:18:50 [main] INFO  tests.LoginTest - User Login Test Successful
2025-08-16 21:18:50 [main] INFO  tests.LoginTest - Verifying the Login status
2025-08-16 21:18:50 [main] INFO  tests.LoginTest - Successfully logged in
2025-08-16 21:18:50 [main] INFO  tests.LoginTest - Driver got closed
2025-08-16 21:19:43 [main] INFO  tests.LoginTest - Driver Initialized
2025-08-16 21:19:48 [main] INFO  tests.LoginTest - Starting Test LoginTestselenium@gmail.com
2025-08-16 21:19:48 [main] INFO  tests.LoginTest - click on the account option
2025-08-16 21:19:48 [main] INFO  tests.LoginTest - click on the login option
2025-08-16 21:19:48 [main] INFO  tests.LoginTest - Successfully navigated to login page
2025-08-16 21:19:48 [main] INFO  tests.LoginTest - Entering email:selenium@gmail.com
2025-08-16 21:19:49 [main] INFO  tests.LoginTest - Entering password
2025-08-16 21:19:49 [main] INFO  tests.LoginTest - User Login Test Successful
2025-08-16 21:19:49 [main] INFO  tests.LoginTest - Verifying the Login status
2025-08-16 21:19:49 [main] INFO  tests.LoginTest - Successfully logged in
2025-08-16 21:19:49 [main] INFO  tests.LoginTest - Driver got closed
2025-08-16 21:19:50 [main] INFO  tests.LoginTest - Driver Initialized
2025-08-16 21:19:55 [main] INFO  tests.LoginTest - Starting Test LoginTestsomething@gmail.com
2025-08-16 21:19:55 [main] INFO  tests.LoginTest - click on the account option
2025-08-16 21:19:55 [main] INFO  tests.LoginTest - click on the login option
2025-08-16 21:19:55 [main] INFO  tests.LoginTest - Successfully navigated to login page
2025-08-16 21:19:55 [main] INFO  tests.LoginTest - Entering email:something@gmail.com
2025-08-16 21:19:55 [main] INFO  tests.LoginTest - Entering password
2025-08-16 21:19:55 [main] INFO  tests.LoginTest - User Login Test Successful
2025-08-16 21:19:55 [main] INFO  tests.LoginTest - Verifying the Login status
2025-08-16 21:20:06 [main] INFO  tests.LoginTest - Driver got closed
2025-08-16 21:24:30 [main] INFO  tests.LoginTest - Driver Initialized
2025-08-16 21:24:33 [main] INFO  tests.LoginTest - Starting Test LoginTest
2025-08-16 21:24:33 [main] INFO  tests.LoginTest - click on the account option
2025-08-16 21:24:34 [main] INFO  tests.LoginTest - click on the login option
2025-08-16 21:24:34 [main] INFO  tests.LoginTest - Successfully navigated to login page
2025-08-16 21:24:34 [main] INFO  tests.LoginTest - Entering email:selenium@gmail.com
2025-08-16 21:24:34 [main] INFO  tests.LoginTest - Entering password
2025-08-16 21:24:34 [main] INFO  tests.LoginTest - Successfully logged in
2025-08-16 21:24:34 [main] INFO  tests.LoginTest - Driver got closed
2025-08-16 21:24:35 [main] INFO  tests.LoginTest - Driver Initialized
2025-08-16 21:24:38 [main] INFO  tests.LoginTest - Starting Test LoginTest
2025-08-16 21:24:38 [main] INFO  tests.LoginTest - click on the account option
2025-08-16 21:24:38 [main] INFO  tests.LoginTest - click on the login option
2025-08-16 21:24:38 [main] INFO  tests.LoginTest - Successfully navigated to login page
2025-08-16 21:24:38 [main] INFO  tests.LoginTest - Entering email:something@gmail.com
2025-08-16 21:24:38 [main] INFO  tests.LoginTest - Entering password
2025-08-16 21:24:39 [main] INFO  tests.LoginTest - Successfully logged in
2025-08-16 21:24:39 [main] INFO  tests.LoginTest - Driver got closed
2025-08-16 21:25:44 [main] INFO  tests.LoginTest - Driver Initialized
2025-08-16 21:25:47 [main] INFO  tests.LoginTest - Starting Test LoginTest
2025-08-16 21:25:47 [main] INFO  tests.LoginTest - click on the account option
2025-08-16 21:25:48 [main] INFO  tests.LoginTest - click on the login option
2025-08-16 21:25:48 [main] INFO  tests.LoginTest - Successfully navigated to login page
2025-08-16 21:25:48 [main] INFO  tests.LoginTest - Entering email:selenium@gmail.com
2025-08-16 21:25:48 [main] INFO  tests.LoginTest - Entering password
2025-08-16 21:25:48 [main] INFO  tests.LoginTest - Verifying the Login status
2025-08-16 21:25:49 [main] INFO  tests.LoginTest - Successfully logged in
2025-08-16 21:25:49 [main] INFO  tests.LoginTest - Driver got closed
2025-08-16 21:25:50 [main] INFO  tests.LoginTest - Driver Initialized
2025-08-16 21:25:53 [main] INFO  tests.LoginTest - Starting Test LoginTest
2025-08-16 21:25:53 [main] INFO  tests.LoginTest - click on the account option
2025-08-16 21:25:53 [main] INFO  tests.LoginTest - click on the login option
2025-08-16 21:25:53 [main] INFO  tests.LoginTest - Successfully navigated to login page
2025-08-16 21:25:53 [main] INFO  tests.LoginTest - Entering email:something@gmail.com
2025-08-16 21:25:53 [main] INFO  tests.LoginTest - Entering password
2025-08-16 21:25:53 [main] INFO  tests.LoginTest - Verifying the Login status
2025-08-16 21:26:03 [main] ERROR tests.LoginTest - Incorrect email \+user+\ and password
2025-08-16 21:26:03 [main] INFO  tests.LoginTest - Driver got closed
2025-08-16 21:36:41 [main] INFO  tests.LoginTest - Driver Initialized
2025-08-16 21:36:45 [main] INFO  tests.LoginTest - Starting Test LoginTest
2025-08-16 21:36:45 [main] INFO  tests.LoginTest - click on the account option
2025-08-16 21:36:45 [main] INFO  tests.LoginTest - click on the login option
2025-08-16 21:36:45 [main] INFO  tests.LoginTest - Successfully navigated to login page
2025-08-16 21:36:45 [main] INFO  tests.LoginTest - Entering email:selenium@gmail.com
2025-08-16 21:36:45 [main] INFO  tests.LoginTest - Entering password
2025-08-16 21:36:46 [main] INFO  tests.LoginTest - Verifying the Login status
2025-08-16 21:36:46 [main] INFO  tests.LoginTest - Successfully logged in
2025-08-16 21:36:47 [main] INFO  tests.LoginTest - Driver got closed
2025-08-16 21:37:14 [main] INFO  tests.LoginTest - Driver Initialized
2025-08-16 21:37:17 [main] INFO  tests.LoginTest - Starting Test LoginTest
2025-08-16 21:37:17 [main] INFO  tests.LoginTest - click on the account option
2025-08-16 21:37:17 [main] INFO  tests.LoginTest - click on the login option
2025-08-16 21:37:17 [main] INFO  tests.LoginTest - Successfully navigated to login page
2025-08-16 21:37:18 [main] INFO  tests.LoginTest - Entering email:selenium@gmail.com
2025-08-16 21:37:18 [main] INFO  tests.LoginTest - Entering password
2025-08-16 21:37:18 [main] INFO  tests.LoginTest - Verifying the Login status
2025-08-16 21:37:18 [main] INFO  tests.LoginTest - Successfully logged in
2025-08-16 21:37:18 [main] INFO  tests.LoginTest - Driver got closed
2025-08-16 21:39:21 [main] INFO  tests.LoginTest - Driver Initialized
2025-08-16 21:39:24 [main] INFO  tests.LoginTest - Starting Test LoginTest
2025-08-16 21:39:24 [main] INFO  tests.LoginTest - click on the account option
2025-08-16 21:39:24 [main] INFO  tests.LoginTest - click on the login option
2025-08-16 21:39:24 [main] INFO  tests.LoginTest - Successfully navigated to login page
2025-08-16 21:39:24 [main] INFO  tests.LoginTest - Entering email:selenium@gmail.com
2025-08-16 21:39:24 [main] INFO  tests.LoginTest - Entering password
2025-08-16 21:39:25 [main] INFO  tests.LoginTest - Verifying the Login status
2025-08-16 21:39:25 [main] INFO  tests.LoginTest - Successfully logged in
2025-08-16 21:39:25 [main] INFO  tests.LoginTest - Driver got closed
2025-08-16 21:46:36 [main] INFO  tests.LoginTest - Driver Initialized
2025-08-16 21:46:39 [main] INFO  tests.LoginTest - Starting Test LoginTest
2025-08-16 21:46:39 [main] INFO  tests.LoginTest - click on the account option
2025-08-16 21:46:40 [main] INFO  tests.LoginTest - click on the login option
2025-08-16 21:46:40 [main] INFO  tests.LoginTest - Successfully navigated to login page
2025-08-16 21:46:40 [main] INFO  tests.LoginTest - Entering email:selenium@gmail.com
2025-08-16 21:46:40 [main] INFO  tests.LoginTest - Entering password
2025-08-16 21:46:40 [main] INFO  tests.LoginTest - Verifying the Login status
2025-08-16 21:46:40 [main] INFO  tests.LoginTest - Successfully logged in
2025-08-16 21:46:42 [main] INFO  tests.LoginTest - Driver got closed
2025-08-16 21:47:44 [main] INFO  tests.LoginTest - Driver Initialized
2025-08-16 21:47:47 [main] INFO  tests.LoginTest - Starting Test LoginTest
2025-08-16 21:47:47 [main] INFO  tests.LoginTest - click on the account option
2025-08-16 21:47:47 [main] INFO  tests.LoginTest - click on the login option
2025-08-16 21:47:47 [main] INFO  tests.LoginTest - Successfully navigated to login page
2025-08-16 21:47:48 [main] INFO  tests.LoginTest - Entering email:selenium@gmail.com
2025-08-16 21:47:48 [main] INFO  tests.LoginTest - Entering password
2025-08-16 21:47:48 [main] INFO  tests.LoginTest - Verifying the Login status
2025-08-16 21:47:48 [main] INFO  tests.LoginTest - Successfully logged in
2025-08-16 21:47:48 [main] INFO  tests.LoginTest - Starting Test LoginTest
2025-08-16 21:47:48 [main] INFO  tests.LoginTest - click on the account option
2025-08-16 21:47:59 [main] INFO  tests.LoginTest - Driver got closed
2025-08-16 21:48:58 [main] INFO  tests.LoginTest - Driver Initialized
2025-08-16 21:49:05 [main] INFO  tests.LoginTest - Driver got closed
2025-08-16 21:49:27 [main] INFO  tests.LoginTest - Driver Initialized
2025-08-16 21:49:30 [main] INFO  tests.LoginTest - Starting Test LoginTest
2025-08-16 21:49:30 [main] INFO  tests.LoginTest - click on the account option
2025-08-16 21:49:30 [main] INFO  tests.LoginTest - click on the login option
2025-08-16 21:49:30 [main] INFO  tests.LoginTest - Successfully navigated to login page
2025-08-16 21:49:31 [main] INFO  tests.LoginTest - Entering email:selenium@gmail.com
2025-08-16 21:49:31 [main] INFO  tests.LoginTest - Entering password
2025-08-16 21:49:31 [main] INFO  tests.LoginTest - Verifying the Login status
2025-08-16 21:49:31 [main] INFO  tests.LoginTest - Successfully logged in
2025-08-16 21:49:32 [main] INFO  tests.LoginTest - Driver got closed
2025-08-16 22:34:27 [main] INFO  tests.LoginTest - Driver Initialized
2025-08-16 22:34:30 [main] INFO  tests.LoginTest - Starting Test LoginTest
2025-08-16 22:34:30 [main] INFO  tests.LoginTest - click on the account option
2025-08-16 22:34:30 [main] INFO  tests.LoginTest - click on the login option
2025-08-16 22:34:30 [main] INFO  tests.LoginTest - Successfully navigated to login page
2025-08-16 22:34:30 [main] INFO  tests.LoginTest - Entering email:selenium@gmail.com
2025-08-16 22:34:31 [main] INFO  tests.LoginTest - Entering password
2025-08-16 22:34:31 [main] INFO  tests.LoginTest - Verifying the Login status
2025-08-16 22:34:31 [main] INFO  tests.LoginTest - Successfully logged in
2025-08-16 22:35:55 [main] INFO  tests.LoginTest - Driver Initialized
2025-08-16 22:35:58 [main] INFO  tests.LoginTest - Starting Test LoginTest
2025-08-16 22:35:59 [main] INFO  tests.LoginTest - click on the account option
2025-08-16 22:35:59 [main] INFO  tests.LoginTest - click on the login option
2025-08-16 22:35:59 [main] INFO  tests.LoginTest - Successfully navigated to login page
2025-08-16 22:35:59 [main] INFO  tests.LoginTest - Entering email:selenium@gmail.com
2025-08-16 22:35:59 [main] INFO  tests.LoginTest - Entering password
2025-08-16 22:36:00 [main] INFO  tests.LoginTest - Verifying the Login status
2025-08-16 22:36:00 [main] INFO  tests.LoginTest - Successfully logged in
2025-08-16 22:36:00 [main] INFO  tests.LoginTest - Hover over the desktop option
2025-08-16 22:36:01 [main] INFO  tests.LoginTest - Hover over the mac option
2025-08-16 22:36:02 [main] INFO  tests.LoginTest - Driver got closed
2025-08-16 22:36:34 [main] INFO  tests.LoginTest - Driver Initialized
2025-08-16 22:36:38 [main] INFO  tests.LoginTest - Starting Test LoginTest
2025-08-16 22:36:39 [main] INFO  tests.LoginTest - click on the account option
2025-08-16 22:36:39 [main] INFO  tests.LoginTest - click on the login option
2025-08-16 22:36:39 [main] INFO  tests.LoginTest - Successfully navigated to login page
2025-08-16 22:36:39 [main] INFO  tests.LoginTest - Entering email:elenium@gmail.com
2025-08-16 22:36:39 [main] INFO  tests.LoginTest - Entering password
2025-08-16 22:36:40 [main] INFO  tests.LoginTest - Verifying the Login status
2025-08-16 22:36:50 [main] ERROR tests.LoginTest - Incorrect email & password
2025-08-16 22:36:50 [main] INFO  tests.LoginTest - Hover over the desktop option
2025-08-16 22:36:50 [main] INFO  tests.LoginTest - Hover over the mac option
2025-08-16 22:36:51 [main] INFO  tests.LoginTest - Driver got closed
2025-08-16 22:38:36 [main] INFO  tests.LoginTest - Driver Initialized
2025-08-16 22:38:43 [main] INFO  tests.LoginTest - Starting Test LoginTest
2025-08-16 22:38:43 [main] INFO  tests.LoginTest - click on the account option
2025-08-16 22:38:43 [main] INFO  tests.LoginTest - click on the login option
2025-08-16 22:38:43 [main] INFO  tests.LoginTest - Successfully navigated to login page
2025-08-16 22:38:43 [main] INFO  tests.LoginTest - Entering email:selenium@gmail.com
2025-08-16 22:38:44 [main] INFO  tests.LoginTest - Entering password
2025-08-16 22:38:45 [main] INFO  tests.LoginTest - Verifying the Login status
2025-08-16 22:38:45 [main] INFO  tests.LoginTest - Successfully logged in
2025-08-16 22:38:45 [main] INFO  tests.LoginTest - Hover over the desktop option
2025-08-16 22:38:45 [main] INFO  tests.LoginTest - Hover over the mac option
2025-08-16 22:38:46 [main] INFO  tests.LoginTest - Driver got closed
2025-08-16 23:01:12 [main] INFO  tests.LoginTest - Driver Initialized
2025-08-16 23:01:16 [main] INFO  tests.LoginTest - Starting Test LoginTest
2025-08-16 23:01:16 [main] INFO  tests.LoginTest - click on the account option
2025-08-16 23:01:16 [main] INFO  tests.LoginTest - click on the login option
2025-08-16 23:01:16 [main] INFO  tests.LoginTest - Successfully navigated to login page
2025-08-16 23:01:17 [main] INFO  tests.LoginTest - Entering email:selenium@gmail.com
2025-08-16 23:01:17 [main] INFO  tests.LoginTest - Entering password
2025-08-16 23:01:17 [main] INFO  tests.LoginTest - Verifying the Login status
2025-08-16 23:01:17 [main] INFO  tests.LoginTest - Successfully logged in
2025-08-16 23:01:17 [main] INFO  tests.LoginTest - Hover over the desktop option
2025-08-16 23:01:18 [main] INFO  tests.LoginTest - Hover over the mac option
2025-08-16 23:01:19 [main] INFO  tests.LoginTest - Driver got closed
2025-08-16 23:25:07 [main] INFO  tests.LoginTest - Driver Initialized
2025-08-16 23:25:28 [main] INFO  tests.LoginTest - Driver Initialized
2025-08-16 23:41:35 [main] INFO  tests.LoginTest - Driver Initialized
2025-08-16 23:41:39 [main] INFO  tests.LoginTest - Starting Test LoginTest
2025-08-16 23:41:39 [main] INFO  tests.LoginTest - click on the account option
2025-08-16 23:41:40 [main] INFO  tests.LoginTest - click on the login option
2025-08-16 23:41:40 [main] INFO  tests.LoginTest - Successfully navigated to login page
2025-08-16 23:41:40 [main] INFO  tests.LoginTest - Entering email:selenium@gmail.com
2025-08-16 23:41:40 [main] INFO  tests.LoginTest - Entering password
2025-08-16 23:41:41 [main] INFO  tests.LoginTest - Verifying the Login status
2025-08-16 23:41:41 [main] INFO  tests.LoginTest - Successfully logged in
2025-08-16 23:41:41 [main] INFO  tests.LoginTest - Hover over the desktop option
2025-08-16 23:41:41 [main] INFO  tests.LoginTest - Hover over the mac option
2025-08-16 23:41:42 [main] INFO  tests.LoginTest - Getting the element locator
2025-08-16 23:41:52 [main] ERROR tests.LoginTest - Exception occurred
java.lang.NoSuchFieldException: driver
	at java.base/java.lang.Class.getDeclaredField(Class.java:2782)
	at Listeners.Listeners.onTestFailure(Listeners.java:27)
	at org.testng.internal.TestListenerHelper.runTestListeners(TestListenerHelper.java:115)
	at org.testng.internal.invokers.TestInvoker.runTestResultListener(TestInvoker.java:285)
	at org.testng.internal.invokers.TestInvoker.invokeMethod(TestInvoker.java:777)
	at org.testng.internal.invokers.TestInvoker.invokeTestMethod(TestInvoker.java:230)
	at org.testng.internal.invokers.MethodRunner.runInSequence(MethodRunner.java:63)
	at org.testng.internal.invokers.TestInvoker$MethodInvocationAgent.invoke(TestInvoker.java:995)
	at org.testng.internal.invokers.TestInvoker.invokeTestMethods(TestInvoker.java:203)
	at org.testng.internal.invokers.TestMethodWorker.invokeTestMethods(TestMethodWorker.java:154)
	at org.testng.internal.invokers.TestMethodWorker.run(TestMethodWorker.java:134)
	at java.base/java.util.ArrayList.forEach(ArrayList.java:1596)
	at org.testng.TestRunner.privateRun(TestRunner.java:741)
	at org.testng.TestRunner.run(TestRunner.java:616)
	at org.testng.SuiteRunner.runTest(SuiteRunner.java:421)
	at org.testng.SuiteRunner.runSequentially(SuiteRunner.java:413)
	at org.testng.SuiteRunner.privateRun(SuiteRunner.java:373)
	at org.testng.SuiteRunner.run(SuiteRunner.java:312)
	at org.testng.SuiteRunnerWorker.runSuite(SuiteRunnerWorker.java:52)
	at org.testng.SuiteRunnerWorker.run(SuiteRunnerWorker.java:95)
	at org.testng.TestNG.runSuitesSequentially(TestNG.java:1274)
	at org.testng.TestNG.runSuitesLocally(TestNG.java:1208)
	at org.testng.TestNG.runSuites(TestNG.java:1112)
	at org.testng.TestNG.run(TestNG.java:1079)
	at com.intellij.rt.testng.IDEARemoteTestNG.run(IDEARemoteTestNG.java:65)
	at com.intellij.rt.testng.RemoteTestNGStarter.main(RemoteTestNGStarter.java:105)
2025-08-16 23:41:52 [main] ERROR tests.LoginTest - Exception occurred
java.lang.NoSuchFieldException: driver
	at java.base/java.lang.Class.getDeclaredField(Class.java:2782)
	at Listeners.Listeners.onTestFailure(Listeners.java:27)
	at org.testng.internal.TestListenerHelper.runTestListeners(TestListenerHelper.java:115)
	at org.testng.internal.invokers.TestInvoker.runTestResultListener(TestInvoker.java:285)
	at org.testng.internal.invokers.TestInvoker$MethodInvocationAgent.invoke(TestInvoker.java:1013)
	at org.testng.internal.invokers.TestInvoker.invokeTestMethods(TestInvoker.java:203)
	at org.testng.internal.invokers.TestMethodWorker.invokeTestMethods(TestMethodWorker.java:154)
	at org.testng.internal.invokers.TestMethodWorker.run(TestMethodWorker.java:134)
	at java.base/java.util.ArrayList.forEach(ArrayList.java:1596)
	at org.testng.TestRunner.privateRun(TestRunner.java:741)
	at org.testng.TestRunner.run(TestRunner.java:616)
	at org.testng.SuiteRunner.runTest(SuiteRunner.java:421)
	at org.testng.SuiteRunner.runSequentially(SuiteRunner.java:413)
	at org.testng.SuiteRunner.privateRun(SuiteRunner.java:373)
	at org.testng.SuiteRunner.run(SuiteRunner.java:312)
	at org.testng.SuiteRunnerWorker.runSuite(SuiteRunnerWorker.java:52)
	at org.testng.SuiteRunnerWorker.run(SuiteRunnerWorker.java:95)
	at org.testng.TestNG.runSuitesSequentially(TestNG.java:1274)
	at org.testng.TestNG.runSuitesLocally(TestNG.java:1208)
	at org.testng.TestNG.runSuites(TestNG.java:1112)
	at org.testng.TestNG.run(TestNG.java:1079)
	at com.intellij.rt.testng.IDEARemoteTestNG.run(IDEARemoteTestNG.java:65)
	at com.intellij.rt.testng.RemoteTestNGStarter.main(RemoteTestNGStarter.java:105)
2025-08-17 12:20:12 [main] INFO  tests.LoginTest - Driver Initialized
2025-08-17 12:20:15 [main] INFO  tests.LoginTest - Starting Test LoginTest
2025-08-17 12:20:15 [main] INFO  tests.LoginTest - click on the account option
2025-08-17 12:20:15 [main] INFO  tests.LoginTest - click on the login option
2025-08-17 12:20:15 [main] INFO  tests.LoginTest - Successfully navigated to login page
2025-08-17 12:20:15 [main] INFO  tests.LoginTest - Entering email:selenium@gmail.com
2025-08-17 12:20:15 [main] INFO  tests.LoginTest - Entering password
2025-08-17 12:20:16 [main] INFO  tests.LoginTest - Verifying the Login status
2025-08-17 12:20:26 [main] ERROR tests.LoginTest - Incorrect email & password
2025-08-17 12:20:26 [main] INFO  tests.LoginTest - Hover over the desktop option
2025-08-17 12:20:26 [main] INFO  tests.LoginTest - Hover over the mac option
2025-08-17 12:20:27 [main] INFO  tests.LoginTest - Getting the element locator
2025-08-17 12:20:37 [main] ERROR tests.LoginTest - Exception occurred
java.lang.NoSuchFieldException: driver
	at java.base/java.lang.Class.getDeclaredField(Class.java:2782)
	at Listeners.Listeners.onTestFailure(Listeners.java:27)
	at org.testng.internal.TestListenerHelper.runTestListeners(TestListenerHelper.java:115)
	at org.testng.internal.invokers.TestInvoker.runTestResultListener(TestInvoker.java:285)
	at org.testng.internal.invokers.TestInvoker.invokeMethod(TestInvoker.java:777)
	at org.testng.internal.invokers.TestInvoker.invokeTestMethod(TestInvoker.java:230)
	at org.testng.internal.invokers.MethodRunner.runInSequence(MethodRunner.java:63)
	at org.testng.internal.invokers.TestInvoker$MethodInvocationAgent.invoke(TestInvoker.java:995)
	at org.testng.internal.invokers.TestInvoker.invokeTestMethods(TestInvoker.java:203)
	at org.testng.internal.invokers.TestMethodWorker.invokeTestMethods(TestMethodWorker.java:154)
	at org.testng.internal.invokers.TestMethodWorker.run(TestMethodWorker.java:134)
	at java.base/java.util.ArrayList.forEach(ArrayList.java:1596)
	at org.testng.TestRunner.privateRun(TestRunner.java:741)
	at org.testng.TestRunner.run(TestRunner.java:616)
	at org.testng.SuiteRunner.runTest(SuiteRunner.java:421)
	at org.testng.SuiteRunner.runSequentially(SuiteRunner.java:413)
	at org.testng.SuiteRunner.privateRun(SuiteRunner.java:373)
	at org.testng.SuiteRunner.run(SuiteRunner.java:312)
	at org.testng.SuiteRunnerWorker.runSuite(SuiteRunnerWorker.java:52)
	at org.testng.SuiteRunnerWorker.run(SuiteRunnerWorker.java:95)
	at org.testng.TestNG.runSuitesSequentially(TestNG.java:1274)
	at org.testng.TestNG.runSuitesLocally(TestNG.java:1208)
	at org.testng.TestNG.runSuites(TestNG.java:1112)
	at org.testng.TestNG.run(TestNG.java:1079)
	at com.intellij.rt.testng.IDEARemoteTestNG.run(IDEARemoteTestNG.java:65)
	at com.intellij.rt.testng.RemoteTestNGStarter.main(RemoteTestNGStarter.java:105)
2025-08-17 12:20:37 [main] ERROR tests.LoginTest - Exception occurred
java.lang.NoSuchFieldException: driver
	at java.base/java.lang.Class.getDeclaredField(Class.java:2782)
	at Listeners.Listeners.onTestFailure(Listeners.java:27)
	at org.testng.internal.TestListenerHelper.runTestListeners(TestListenerHelper.java:115)
	at org.testng.internal.invokers.TestInvoker.runTestResultListener(TestInvoker.java:285)
	at org.testng.internal.invokers.TestInvoker$MethodInvocationAgent.invoke(TestInvoker.java:1013)
	at org.testng.internal.invokers.TestInvoker.invokeTestMethods(TestInvoker.java:203)
	at org.testng.internal.invokers.TestMethodWorker.invokeTestMethods(TestMethodWorker.java:154)
	at org.testng.internal.invokers.TestMethodWorker.run(TestMethodWorker.java:134)
	at java.base/java.util.ArrayList.forEach(ArrayList.java:1596)
	at org.testng.TestRunner.privateRun(TestRunner.java:741)
	at org.testng.TestRunner.run(TestRunner.java:616)
	at org.testng.SuiteRunner.runTest(SuiteRunner.java:421)
	at org.testng.SuiteRunner.runSequentially(SuiteRunner.java:413)
	at org.testng.SuiteRunner.privateRun(SuiteRunner.java:373)
	at org.testng.SuiteRunner.run(SuiteRunner.java:312)
	at org.testng.SuiteRunnerWorker.runSuite(SuiteRunnerWorker.java:52)
	at org.testng.SuiteRunnerWorker.run(SuiteRunnerWorker.java:95)
	at org.testng.TestNG.runSuitesSequentially(TestNG.java:1274)
	at org.testng.TestNG.runSuitesLocally(TestNG.java:1208)
	at org.testng.TestNG.runSuites(TestNG.java:1112)
	at org.testng.TestNG.run(TestNG.java:1079)
	at com.intellij.rt.testng.IDEARemoteTestNG.run(IDEARemoteTestNG.java:65)
	at com.intellij.rt.testng.RemoteTestNGStarter.main(RemoteTestNGStarter.java:105)
2025-08-17 12:21:49 [main] INFO  tests.LoginTest - Driver Initialized
2025-08-17 12:21:51 [main] INFO  tests.LoginTest - Starting Test LoginTest
2025-08-17 12:21:51 [main] INFO  tests.LoginTest - click on the account option
2025-08-17 12:21:51 [main] INFO  tests.LoginTest - click on the login option
2025-08-17 12:21:51 [main] INFO  tests.LoginTest - Successfully navigated to login page
2025-08-17 12:21:51 [main] INFO  tests.LoginTest - Entering email:selenium@gmail.com
2025-08-17 12:21:51 [main] INFO  tests.LoginTest - Entering password
2025-08-17 12:21:52 [main] INFO  tests.LoginTest - Verifying the Login status
2025-08-17 12:21:52 [main] INFO  tests.LoginTest - Successfully logged in
2025-08-17 12:21:52 [main] INFO  tests.LoginTest - Hover over the desktop option
2025-08-17 12:21:52 [main] INFO  tests.LoginTest - Hover over the mac option
2025-08-17 12:21:53 [main] INFO  tests.LoginTest - Getting the element locator
2025-08-17 12:21:53 [main] INFO  tests.LoginTest - Successfully navigate to the product %s
2025-08-17 12:39:05 [main] INFO  tests.LoginTest - Driver Initialized
2025-08-17 12:39:08 [main] INFO  tests.LoginTest - Starting Test LoginTest
2025-08-17 12:39:08 [main] INFO  tests.LoginTest - click on the account option
2025-08-17 12:39:08 [main] INFO  tests.LoginTest - click on the login option
2025-08-17 12:39:08 [main] INFO  tests.LoginTest - Successfully navigated to login page
2025-08-17 12:39:08 [main] INFO  tests.LoginTest - Entering email:selenium@gmail.com
2025-08-17 12:39:09 [main] INFO  tests.LoginTest - Entering password
2025-08-17 12:39:09 [main] INFO  tests.LoginTest - Verifying the Login status
2025-08-17 12:39:09 [main] INFO  tests.LoginTest - Successfully logged in
2025-08-17 12:39:09 [main] INFO  tests.LoginTest - Hover over the desktop option
2025-08-17 12:39:09 [main] INFO  tests.LoginTest - Hover over the mac option
2025-08-17 12:39:10 [main] INFO  tests.LoginTest - Getting the element locator
2025-08-17 12:39:11 [main] INFO  tests.LoginTest - Successfully navigate to the product %s
2025-08-17 12:40:36 [main] INFO  tests.LoginTest - Driver Initialized
2025-08-17 12:40:39 [main] INFO  tests.LoginTest - Starting Test LoginTest
2025-08-17 12:40:39 [main] INFO  tests.LoginTest - click on the account option
2025-08-17 12:40:39 [main] INFO  tests.LoginTest - click on the login option
2025-08-17 12:40:39 [main] INFO  tests.LoginTest - Successfully navigated to login page
2025-08-17 12:40:40 [main] INFO  tests.LoginTest - Entering email:selenium@gmail.com
2025-08-17 12:40:40 [main] INFO  tests.LoginTest - Entering password
2025-08-17 12:40:40 [main] INFO  tests.LoginTest - Verifying the Login status
2025-08-17 12:40:40 [main] INFO  tests.LoginTest - Successfully logged in
2025-08-17 12:40:40 [main] INFO  tests.LoginTest - Hover over the desktop option
2025-08-17 12:40:40 [main] INFO  tests.LoginTest - Hover over the mac option
2025-08-17 12:40:42 [main] INFO  tests.LoginTest - Getting the element locator
2025-08-17 12:40:52 [main] ERROR tests.LoginTest - Exception occurred
java.lang.NoSuchFieldException: driver
	at java.base/java.lang.Class.getDeclaredField(Class.java:2782)
	at Listeners.Listeners.onTestFailure(Listeners.java:27)
	at org.testng.internal.TestListenerHelper.runTestListeners(TestListenerHelper.java:115)
	at org.testng.internal.invokers.TestInvoker.runTestResultListener(TestInvoker.java:285)
	at org.testng.internal.invokers.TestInvoker.invokeMethod(TestInvoker.java:777)
	at org.testng.internal.invokers.TestInvoker.invokeTestMethod(TestInvoker.java:230)
	at org.testng.internal.invokers.MethodRunner.runInSequence(MethodRunner.java:63)
	at org.testng.internal.invokers.TestInvoker$MethodInvocationAgent.invoke(TestInvoker.java:995)
	at org.testng.internal.invokers.TestInvoker.invokeTestMethods(TestInvoker.java:203)
	at org.testng.internal.invokers.TestMethodWorker.invokeTestMethods(TestMethodWorker.java:154)
	at org.testng.internal.invokers.TestMethodWorker.run(TestMethodWorker.java:134)
	at java.base/java.util.ArrayList.forEach(ArrayList.java:1596)
	at org.testng.TestRunner.privateRun(TestRunner.java:741)
	at org.testng.TestRunner.run(TestRunner.java:616)
	at org.testng.SuiteRunner.runTest(SuiteRunner.java:421)
	at org.testng.SuiteRunner.runSequentially(SuiteRunner.java:413)
	at org.testng.SuiteRunner.privateRun(SuiteRunner.java:373)
	at org.testng.SuiteRunner.run(SuiteRunner.java:312)
	at org.testng.SuiteRunnerWorker.runSuite(SuiteRunnerWorker.java:52)
	at org.testng.SuiteRunnerWorker.run(SuiteRunnerWorker.java:95)
	at org.testng.TestNG.runSuitesSequentially(TestNG.java:1274)
	at org.testng.TestNG.runSuitesLocally(TestNG.java:1208)
	at org.testng.TestNG.runSuites(TestNG.java:1112)
	at org.testng.TestNG.run(TestNG.java:1079)
	at com.intellij.rt.testng.IDEARemoteTestNG.run(IDEARemoteTestNG.java:65)
	at com.intellij.rt.testng.RemoteTestNGStarter.main(RemoteTestNGStarter.java:105)
2025-08-17 12:40:52 [main] ERROR tests.LoginTest - Exception occurred
java.lang.NoSuchFieldException: driver
	at java.base/java.lang.Class.getDeclaredField(Class.java:2782)
	at Listeners.Listeners.onTestFailure(Listeners.java:27)
	at org.testng.internal.TestListenerHelper.runTestListeners(TestListenerHelper.java:115)
	at org.testng.internal.invokers.TestInvoker.runTestResultListener(TestInvoker.java:285)
	at org.testng.internal.invokers.TestInvoker$MethodInvocationAgent.invoke(TestInvoker.java:1013)
	at org.testng.internal.invokers.TestInvoker.invokeTestMethods(TestInvoker.java:203)
	at org.testng.internal.invokers.TestMethodWorker.invokeTestMethods(TestMethodWorker.java:154)
	at org.testng.internal.invokers.TestMethodWorker.run(TestMethodWorker.java:134)
	at java.base/java.util.ArrayList.forEach(ArrayList.java:1596)
	at org.testng.TestRunner.privateRun(TestRunner.java:741)
	at org.testng.TestRunner.run(TestRunner.java:616)
	at org.testng.SuiteRunner.runTest(SuiteRunner.java:421)
	at org.testng.SuiteRunner.runSequentially(SuiteRunner.java:413)
	at org.testng.SuiteRunner.privateRun(SuiteRunner.java:373)
	at org.testng.SuiteRunner.run(SuiteRunner.java:312)
	at org.testng.SuiteRunnerWorker.runSuite(SuiteRunnerWorker.java:52)
	at org.testng.SuiteRunnerWorker.run(SuiteRunnerWorker.java:95)
	at org.testng.TestNG.runSuitesSequentially(TestNG.java:1274)
	at org.testng.TestNG.runSuitesLocally(TestNG.java:1208)
	at org.testng.TestNG.runSuites(TestNG.java:1112)
	at org.testng.TestNG.run(TestNG.java:1079)
	at com.intellij.rt.testng.IDEARemoteTestNG.run(IDEARemoteTestNG.java:65)
	at com.intellij.rt.testng.RemoteTestNGStarter.main(RemoteTestNGStarter.java:105)
2025-08-17 12:42:56 [main] INFO  tests.LoginTest - Driver Initialized
2025-08-17 12:42:57 [main] INFO  tests.LoginTest - Starting Test LoginTest
2025-08-17 12:42:57 [main] INFO  tests.LoginTest - click on the account option
2025-08-17 12:42:58 [main] INFO  tests.LoginTest - click on the login option
2025-08-17 12:42:58 [main] INFO  tests.LoginTest - Successfully navigated to login page
2025-08-17 12:42:58 [main] INFO  tests.LoginTest - Entering email:selenium@gmail.com
2025-08-17 12:42:58 [main] INFO  tests.LoginTest - Entering password
2025-08-17 12:42:58 [main] INFO  tests.LoginTest - Verifying the Login status
2025-08-17 12:42:59 [main] INFO  tests.LoginTest - Successfully logged in
2025-08-17 12:42:59 [main] INFO  tests.LoginTest - Hover over the desktop option
2025-08-17 12:42:59 [main] INFO  tests.LoginTest - Hover over the mac option
2025-08-17 12:43:00 [main] INFO  tests.LoginTest - Getting the element locator
2025-08-17 12:43:10 [main] ERROR tests.LoginTest - Exception occurred
java.lang.NoSuchFieldException: driver
	at java.base/java.lang.Class.getDeclaredField(Class.java:2782)
	at Listeners.Listeners.onTestFailure(Listeners.java:27)
	at org.testng.internal.TestListenerHelper.runTestListeners(TestListenerHelper.java:115)
	at org.testng.internal.invokers.TestInvoker.runTestResultListener(TestInvoker.java:285)
	at org.testng.internal.invokers.TestInvoker.invokeMethod(TestInvoker.java:777)
	at org.testng.internal.invokers.TestInvoker.invokeTestMethod(TestInvoker.java:230)
	at org.testng.internal.invokers.MethodRunner.runInSequence(MethodRunner.java:63)
	at org.testng.internal.invokers.TestInvoker$MethodInvocationAgent.invoke(TestInvoker.java:995)
	at org.testng.internal.invokers.TestInvoker.invokeTestMethods(TestInvoker.java:203)
	at org.testng.internal.invokers.TestMethodWorker.invokeTestMethods(TestMethodWorker.java:154)
	at org.testng.internal.invokers.TestMethodWorker.run(TestMethodWorker.java:134)
	at java.base/java.util.ArrayList.forEach(ArrayList.java:1596)
	at org.testng.TestRunner.privateRun(TestRunner.java:741)
	at org.testng.TestRunner.run(TestRunner.java:616)
	at org.testng.SuiteRunner.runTest(SuiteRunner.java:421)
	at org.testng.SuiteRunner.runSequentially(SuiteRunner.java:413)
	at org.testng.SuiteRunner.privateRun(SuiteRunner.java:373)
	at org.testng.SuiteRunner.run(SuiteRunner.java:312)
	at org.testng.SuiteRunnerWorker.runSuite(SuiteRunnerWorker.java:52)
	at org.testng.SuiteRunnerWorker.run(SuiteRunnerWorker.java:95)
	at org.testng.TestNG.runSuitesSequentially(TestNG.java:1274)
	at org.testng.TestNG.runSuitesLocally(TestNG.java:1208)
	at org.testng.TestNG.runSuites(TestNG.java:1112)
	at org.testng.TestNG.run(TestNG.java:1079)
	at com.intellij.rt.testng.IDEARemoteTestNG.run(IDEARemoteTestNG.java:65)
	at com.intellij.rt.testng.RemoteTestNGStarter.main(RemoteTestNGStarter.java:105)
2025-08-17 12:43:10 [main] ERROR tests.LoginTest - Exception occurred
java.lang.NoSuchFieldException: driver
	at java.base/java.lang.Class.getDeclaredField(Class.java:2782)
	at Listeners.Listeners.onTestFailure(Listeners.java:27)
	at org.testng.internal.TestListenerHelper.runTestListeners(TestListenerHelper.java:115)
	at org.testng.internal.invokers.TestInvoker.runTestResultListener(TestInvoker.java:285)
	at org.testng.internal.invokers.TestInvoker$MethodInvocationAgent.invoke(TestInvoker.java:1013)
	at org.testng.internal.invokers.TestInvoker.invokeTestMethods(TestInvoker.java:203)
	at org.testng.internal.invokers.TestMethodWorker.invokeTestMethods(TestMethodWorker.java:154)
	at org.testng.internal.invokers.TestMethodWorker.run(TestMethodWorker.java:134)
	at java.base/java.util.ArrayList.forEach(ArrayList.java:1596)
	at org.testng.TestRunner.privateRun(TestRunner.java:741)
	at org.testng.TestRunner.run(TestRunner.java:616)
	at org.testng.SuiteRunner.runTest(SuiteRunner.java:421)
	at org.testng.SuiteRunner.runSequentially(SuiteRunner.java:413)
	at org.testng.SuiteRunner.privateRun(SuiteRunner.java:373)
	at org.testng.SuiteRunner.run(SuiteRunner.java:312)
	at org.testng.SuiteRunnerWorker.runSuite(SuiteRunnerWorker.java:52)
	at org.testng.SuiteRunnerWorker.run(SuiteRunnerWorker.java:95)
	at org.testng.TestNG.runSuitesSequentially(TestNG.java:1274)
	at org.testng.TestNG.runSuitesLocally(TestNG.java:1208)
	at org.testng.TestNG.runSuites(TestNG.java:1112)
	at org.testng.TestNG.run(TestNG.java:1079)
	at com.intellij.rt.testng.IDEARemoteTestNG.run(IDEARemoteTestNG.java:65)
	at com.intellij.rt.testng.RemoteTestNGStarter.main(RemoteTestNGStarter.java:105)
2025-08-17 12:44:50 [main] INFO  tests.LoginTest - Driver Initialized
2025-08-17 12:44:53 [main] INFO  tests.LoginTest - Starting Test LoginTest
2025-08-17 12:44:53 [main] INFO  tests.LoginTest - click on the account option
2025-08-17 12:44:54 [main] INFO  tests.LoginTest - click on the login option
2025-08-17 12:44:54 [main] INFO  tests.LoginTest - Successfully navigated to login page
2025-08-17 12:44:54 [main] INFO  tests.LoginTest - Entering email:selenium@gmail.com
2025-08-17 12:44:54 [main] INFO  tests.LoginTest - Entering password
2025-08-17 12:44:54 [main] INFO  tests.LoginTest - Verifying the Login status
2025-08-17 12:44:54 [main] INFO  tests.LoginTest - Successfully logged in
2025-08-17 12:44:54 [main] INFO  tests.LoginTest - Hover over the desktop option
2025-08-17 12:44:55 [main] INFO  tests.LoginTest - Hover over the mac option
2025-08-17 12:44:55 [main] INFO  tests.LoginTest - Getting the element locator
2025-08-17 12:45:00 [main] ERROR tests.LoginTest - Exception occurred
java.lang.NoSuchFieldException: driver
	at java.base/java.lang.Class.getDeclaredField(Class.java:2782)
	at Listeners.Listeners.onTestFailure(Listeners.java:27)
	at org.testng.internal.TestListenerHelper.runTestListeners(TestListenerHelper.java:115)
	at org.testng.internal.invokers.TestInvoker.runTestResultListener(TestInvoker.java:285)
	at org.testng.internal.invokers.TestInvoker.invokeMethod(TestInvoker.java:777)
	at org.testng.internal.invokers.TestInvoker.invokeTestMethod(TestInvoker.java:230)
	at org.testng.internal.invokers.MethodRunner.runInSequence(MethodRunner.java:63)
	at org.testng.internal.invokers.TestInvoker$MethodInvocationAgent.invoke(TestInvoker.java:995)
	at org.testng.internal.invokers.TestInvoker.invokeTestMethods(TestInvoker.java:203)
	at org.testng.internal.invokers.TestMethodWorker.invokeTestMethods(TestMethodWorker.java:154)
	at org.testng.internal.invokers.TestMethodWorker.run(TestMethodWorker.java:134)
	at java.base/java.util.ArrayList.forEach(ArrayList.java:1596)
	at org.testng.TestRunner.privateRun(TestRunner.java:741)
	at org.testng.TestRunner.run(TestRunner.java:616)
	at org.testng.SuiteRunner.runTest(SuiteRunner.java:421)
	at org.testng.SuiteRunner.runSequentially(SuiteRunner.java:413)
	at org.testng.SuiteRunner.privateRun(SuiteRunner.java:373)
	at org.testng.SuiteRunner.run(SuiteRunner.java:312)
	at org.testng.SuiteRunnerWorker.runSuite(SuiteRunnerWorker.java:52)
	at org.testng.SuiteRunnerWorker.run(SuiteRunnerWorker.java:95)
	at org.testng.TestNG.runSuitesSequentially(TestNG.java:1274)
	at org.testng.TestNG.runSuitesLocally(TestNG.java:1208)
	at org.testng.TestNG.runSuites(TestNG.java:1112)
	at org.testng.TestNG.run(TestNG.java:1079)
	at com.intellij.rt.testng.IDEARemoteTestNG.run(IDEARemoteTestNG.java:65)
	at com.intellij.rt.testng.RemoteTestNGStarter.main(RemoteTestNGStarter.java:105)
2025-08-17 12:45:00 [main] ERROR tests.LoginTest - Exception occurred
java.lang.NoSuchFieldException: driver
	at java.base/java.lang.Class.getDeclaredField(Class.java:2782)
	at Listeners.Listeners.onTestFailure(Listeners.java:27)
	at org.testng.internal.TestListenerHelper.runTestListeners(TestListenerHelper.java:115)
	at org.testng.internal.invokers.TestInvoker.runTestResultListener(TestInvoker.java:285)
	at org.testng.internal.invokers.TestInvoker$MethodInvocationAgent.invoke(TestInvoker.java:1013)
	at org.testng.internal.invokers.TestInvoker.invokeTestMethods(TestInvoker.java:203)
	at org.testng.internal.invokers.TestMethodWorker.invokeTestMethods(TestMethodWorker.java:154)
	at org.testng.internal.invokers.TestMethodWorker.run(TestMethodWorker.java:134)
	at java.base/java.util.ArrayList.forEach(ArrayList.java:1596)
	at org.testng.TestRunner.privateRun(TestRunner.java:741)
	at org.testng.TestRunner.run(TestRunner.java:616)
	at org.testng.SuiteRunner.runTest(SuiteRunner.java:421)
	at org.testng.SuiteRunner.runSequentially(SuiteRunner.java:413)
	at org.testng.SuiteRunner.privateRun(SuiteRunner.java:373)
	at org.testng.SuiteRunner.run(SuiteRunner.java:312)
	at org.testng.SuiteRunnerWorker.runSuite(SuiteRunnerWorker.java:52)
	at org.testng.SuiteRunnerWorker.run(SuiteRunnerWorker.java:95)
	at org.testng.TestNG.runSuitesSequentially(TestNG.java:1274)
	at org.testng.TestNG.runSuitesLocally(TestNG.java:1208)
	at org.testng.TestNG.runSuites(TestNG.java:1112)
	at org.testng.TestNG.run(TestNG.java:1079)
	at com.intellij.rt.testng.IDEARemoteTestNG.run(IDEARemoteTestNG.java:65)
	at com.intellij.rt.testng.RemoteTestNGStarter.main(RemoteTestNGStarter.java:105)
2025-08-17 12:46:31 [main] INFO  tests.LoginTest - Driver Initialized
2025-08-17 12:46:34 [main] INFO  tests.LoginTest - Starting Test LoginTest
2025-08-17 12:46:34 [main] INFO  tests.LoginTest - click on the account option
2025-08-17 12:46:34 [main] INFO  tests.LoginTest - click on the login option
2025-08-17 12:46:34 [main] INFO  tests.LoginTest - Successfully navigated to login page
2025-08-17 12:46:34 [main] INFO  tests.LoginTest - Entering email:selenium@gmail.com
2025-08-17 12:46:34 [main] INFO  tests.LoginTest - Entering password
2025-08-17 12:46:35 [main] INFO  tests.LoginTest - Verifying the Login status
2025-08-17 12:46:35 [main] INFO  tests.LoginTest - Successfully logged in
2025-08-17 12:46:35 [main] INFO  tests.LoginTest - Hover over the desktop option
2025-08-17 12:46:35 [main] INFO  tests.LoginTest - Hover over the mac option
2025-08-17 12:46:36 [main] INFO  tests.LoginTest - Getting the element locator
2025-08-17 12:46:46 [main] ERROR tests.LoginTest - Exception occurred
java.lang.NoSuchFieldException: driver
	at java.base/java.lang.Class.getDeclaredField(Class.java:2782)
	at Listeners.Listeners.onTestFailure(Listeners.java:27)
	at org.testng.internal.TestListenerHelper.runTestListeners(TestListenerHelper.java:115)
	at org.testng.internal.invokers.TestInvoker.runTestResultListener(TestInvoker.java:285)
	at org.testng.internal.invokers.TestInvoker.invokeMethod(TestInvoker.java:777)
	at org.testng.internal.invokers.TestInvoker.invokeTestMethod(TestInvoker.java:230)
	at org.testng.internal.invokers.MethodRunner.runInSequence(MethodRunner.java:63)
	at org.testng.internal.invokers.TestInvoker$MethodInvocationAgent.invoke(TestInvoker.java:995)
	at org.testng.internal.invokers.TestInvoker.invokeTestMethods(TestInvoker.java:203)
	at org.testng.internal.invokers.TestMethodWorker.invokeTestMethods(TestMethodWorker.java:154)
	at org.testng.internal.invokers.TestMethodWorker.run(TestMethodWorker.java:134)
	at java.base/java.util.ArrayList.forEach(ArrayList.java:1596)
	at org.testng.TestRunner.privateRun(TestRunner.java:741)
	at org.testng.TestRunner.run(TestRunner.java:616)
	at org.testng.SuiteRunner.runTest(SuiteRunner.java:421)
	at org.testng.SuiteRunner.runSequentially(SuiteRunner.java:413)
	at org.testng.SuiteRunner.privateRun(SuiteRunner.java:373)
	at org.testng.SuiteRunner.run(SuiteRunner.java:312)
	at org.testng.SuiteRunnerWorker.runSuite(SuiteRunnerWorker.java:52)
	at org.testng.SuiteRunnerWorker.run(SuiteRunnerWorker.java:95)
	at org.testng.TestNG.runSuitesSequentially(TestNG.java:1274)
	at org.testng.TestNG.runSuitesLocally(TestNG.java:1208)
	at org.testng.TestNG.runSuites(TestNG.java:1112)
	at org.testng.TestNG.run(TestNG.java:1079)
	at com.intellij.rt.testng.IDEARemoteTestNG.run(IDEARemoteTestNG.java:65)
	at com.intellij.rt.testng.RemoteTestNGStarter.main(RemoteTestNGStarter.java:105)
2025-08-17 12:46:46 [main] ERROR tests.LoginTest - Exception occurred
java.lang.NoSuchFieldException: driver
	at java.base/java.lang.Class.getDeclaredField(Class.java:2782)
	at Listeners.Listeners.onTestFailure(Listeners.java:27)
	at org.testng.internal.TestListenerHelper.runTestListeners(TestListenerHelper.java:115)
	at org.testng.internal.invokers.TestInvoker.runTestResultListener(TestInvoker.java:285)
	at org.testng.internal.invokers.TestInvoker$MethodInvocationAgent.invoke(TestInvoker.java:1013)
	at org.testng.internal.invokers.TestInvoker.invokeTestMethods(TestInvoker.java:203)
	at org.testng.internal.invokers.TestMethodWorker.invokeTestMethods(TestMethodWorker.java:154)
	at org.testng.internal.invokers.TestMethodWorker.run(TestMethodWorker.java:134)
	at java.base/java.util.ArrayList.forEach(ArrayList.java:1596)
	at org.testng.TestRunner.privateRun(TestRunner.java:741)
	at org.testng.TestRunner.run(TestRunner.java:616)
	at org.testng.SuiteRunner.runTest(SuiteRunner.java:421)
	at org.testng.SuiteRunner.runSequentially(SuiteRunner.java:413)
	at org.testng.SuiteRunner.privateRun(SuiteRunner.java:373)
	at org.testng.SuiteRunner.run(SuiteRunner.java:312)
	at org.testng.SuiteRunnerWorker.runSuite(SuiteRunnerWorker.java:52)
	at org.testng.SuiteRunnerWorker.run(SuiteRunnerWorker.java:95)
	at org.testng.TestNG.runSuitesSequentially(TestNG.java:1274)
	at org.testng.TestNG.runSuitesLocally(TestNG.java:1208)
	at org.testng.TestNG.runSuites(TestNG.java:1112)
	at org.testng.TestNG.run(TestNG.java:1079)
	at com.intellij.rt.testng.IDEARemoteTestNG.run(IDEARemoteTestNG.java:65)
	at com.intellij.rt.testng.RemoteTestNGStarter.main(RemoteTestNGStarter.java:105)
2025-08-17 12:47:55 [main] INFO  tests.LoginTest - Driver Initialized
2025-08-17 12:47:58 [main] INFO  tests.LoginTest - Starting Test LoginTest
2025-08-17 12:47:58 [main] INFO  tests.LoginTest - click on the account option
2025-08-17 12:47:58 [main] INFO  tests.LoginTest - click on the login option
2025-08-17 12:47:58 [main] INFO  tests.LoginTest - Successfully navigated to login page
2025-08-17 12:47:58 [main] INFO  tests.LoginTest - Entering email:selenium@gmail.com
2025-08-17 12:47:58 [main] INFO  tests.LoginTest - Entering password
2025-08-17 12:47:59 [main] INFO  tests.LoginTest - Verifying the Login status
2025-08-17 12:48:02 [main] ERROR tests.LoginTest - Incorrect email & password
2025-08-17 12:48:02 [main] INFO  tests.LoginTest - Hover over the desktop option
2025-08-17 12:48:02 [main] ERROR tests.LoginTest - Exception occurred
java.lang.NoSuchFieldException: driver
	at java.base/java.lang.Class.getDeclaredField(Class.java:2782)
	at Listeners.Listeners.onTestFailure(Listeners.java:27)
	at org.testng.internal.TestListenerHelper.runTestListeners(TestListenerHelper.java:115)
	at org.testng.internal.invokers.TestInvoker.runTestResultListener(TestInvoker.java:285)
	at org.testng.internal.invokers.TestInvoker.invokeMethod(TestInvoker.java:777)
	at org.testng.internal.invokers.TestInvoker.invokeTestMethod(TestInvoker.java:230)
	at org.testng.internal.invokers.MethodRunner.runInSequence(MethodRunner.java:63)
	at org.testng.internal.invokers.TestInvoker$MethodInvocationAgent.invoke(TestInvoker.java:995)
	at org.testng.internal.invokers.TestInvoker.invokeTestMethods(TestInvoker.java:203)
	at org.testng.internal.invokers.TestMethodWorker.invokeTestMethods(TestMethodWorker.java:154)
	at org.testng.internal.invokers.TestMethodWorker.run(TestMethodWorker.java:134)
	at java.base/java.util.ArrayList.forEach(ArrayList.java:1596)
	at org.testng.TestRunner.privateRun(TestRunner.java:741)
	at org.testng.TestRunner.run(TestRunner.java:616)
	at org.testng.SuiteRunner.runTest(SuiteRunner.java:421)
	at org.testng.SuiteRunner.runSequentially(SuiteRunner.java:413)
	at org.testng.SuiteRunner.privateRun(SuiteRunner.java:373)
	at org.testng.SuiteRunner.run(SuiteRunner.java:312)
	at org.testng.SuiteRunnerWorker.runSuite(SuiteRunnerWorker.java:52)
	at org.testng.SuiteRunnerWorker.run(SuiteRunnerWorker.java:95)
	at org.testng.TestNG.runSuitesSequentially(TestNG.java:1274)
	at org.testng.TestNG.runSuitesLocally(TestNG.java:1208)
	at org.testng.TestNG.runSuites(TestNG.java:1112)
	at org.testng.TestNG.run(TestNG.java:1079)
	at com.intellij.rt.testng.IDEARemoteTestNG.run(IDEARemoteTestNG.java:65)
	at com.intellij.rt.testng.RemoteTestNGStarter.main(RemoteTestNGStarter.java:105)
2025-08-17 12:48:02 [main] ERROR tests.LoginTest - Exception occurred
java.lang.NoSuchFieldException: driver
	at java.base/java.lang.Class.getDeclaredField(Class.java:2782)
	at Listeners.Listeners.onTestFailure(Listeners.java:27)
	at org.testng.internal.TestListenerHelper.runTestListeners(TestListenerHelper.java:115)
	at org.testng.internal.invokers.TestInvoker.runTestResultListener(TestInvoker.java:285)
	at org.testng.internal.invokers.TestInvoker$MethodInvocationAgent.invoke(TestInvoker.java:1013)
	at org.testng.internal.invokers.TestInvoker.invokeTestMethods(TestInvoker.java:203)
	at org.testng.internal.invokers.TestMethodWorker.invokeTestMethods(TestMethodWorker.java:154)
	at org.testng.internal.invokers.TestMethodWorker.run(TestMethodWorker.java:134)
	at java.base/java.util.ArrayList.forEach(ArrayList.java:1596)
	at org.testng.TestRunner.privateRun(TestRunner.java:741)
	at org.testng.TestRunner.run(TestRunner.java:616)
	at org.testng.SuiteRunner.runTest(SuiteRunner.java:421)
	at org.testng.SuiteRunner.runSequentially(SuiteRunner.java:413)
	at org.testng.SuiteRunner.privateRun(SuiteRunner.java:373)
	at org.testng.SuiteRunner.run(SuiteRunner.java:312)
	at org.testng.SuiteRunnerWorker.runSuite(SuiteRunnerWorker.java:52)
	at org.testng.SuiteRunnerWorker.run(SuiteRunnerWorker.java:95)
	at org.testng.TestNG.runSuitesSequentially(TestNG.java:1274)
	at org.testng.TestNG.runSuitesLocally(TestNG.java:1208)
	at org.testng.TestNG.runSuites(TestNG.java:1112)
	at org.testng.TestNG.run(TestNG.java:1079)
	at com.intellij.rt.testng.IDEARemoteTestNG.run(IDEARemoteTestNG.java:65)
	at com.intellij.rt.testng.RemoteTestNGStarter.main(RemoteTestNGStarter.java:105)
2025-08-17 12:48:09 [main] INFO  tests.LoginTest - Driver Initialized
2025-08-17 12:48:12 [main] INFO  tests.LoginTest - Starting Test LoginTest
2025-08-17 12:48:12 [main] INFO  tests.LoginTest - click on the account option
2025-08-17 12:48:12 [main] INFO  tests.LoginTest - click on the login option
2025-08-17 12:48:12 [main] INFO  tests.LoginTest - Successfully navigated to login page
2025-08-17 12:48:12 [main] INFO  tests.LoginTest - Entering email:selenium@gmail.com
2025-08-17 12:48:12 [main] INFO  tests.LoginTest - Entering password
2025-08-17 12:48:12 [main] INFO  tests.LoginTest - Verifying the Login status
2025-08-17 12:48:13 [main] INFO  tests.LoginTest - Successfully logged in
2025-08-17 12:48:13 [main] INFO  tests.LoginTest - Hover over the desktop option
2025-08-17 12:48:13 [main] INFO  tests.LoginTest - Hover over the mac option
2025-08-17 12:48:13 [main] ERROR tests.LoginTest - Exception occurred
java.lang.NoSuchFieldException: driver
	at java.base/java.lang.Class.getDeclaredField(Class.java:2782)
	at Listeners.Listeners.onTestFailure(Listeners.java:27)
	at org.testng.internal.TestListenerHelper.runTestListeners(TestListenerHelper.java:115)
	at org.testng.internal.invokers.TestInvoker.runTestResultListener(TestInvoker.java:285)
	at org.testng.internal.invokers.TestInvoker.invokeMethod(TestInvoker.java:777)
	at org.testng.internal.invokers.TestInvoker.invokeTestMethod(TestInvoker.java:230)
	at org.testng.internal.invokers.MethodRunner.runInSequence(MethodRunner.java:63)
	at org.testng.internal.invokers.TestInvoker$MethodInvocationAgent.invoke(TestInvoker.java:995)
	at org.testng.internal.invokers.TestInvoker.invokeTestMethods(TestInvoker.java:203)
	at org.testng.internal.invokers.TestMethodWorker.invokeTestMethods(TestMethodWorker.java:154)
	at org.testng.internal.invokers.TestMethodWorker.run(TestMethodWorker.java:134)
	at java.base/java.util.ArrayList.forEach(ArrayList.java:1596)
	at org.testng.TestRunner.privateRun(TestRunner.java:741)
	at org.testng.TestRunner.run(TestRunner.java:616)
	at org.testng.SuiteRunner.runTest(SuiteRunner.java:421)
	at org.testng.SuiteRunner.runSequentially(SuiteRunner.java:413)
	at org.testng.SuiteRunner.privateRun(SuiteRunner.java:373)
	at org.testng.SuiteRunner.run(SuiteRunner.java:312)
	at org.testng.SuiteRunnerWorker.runSuite(SuiteRunnerWorker.java:52)
	at org.testng.SuiteRunnerWorker.run(SuiteRunnerWorker.java:95)
	at org.testng.TestNG.runSuitesSequentially(TestNG.java:1274)
	at org.testng.TestNG.runSuitesLocally(TestNG.java:1208)
	at org.testng.TestNG.runSuites(TestNG.java:1112)
	at org.testng.TestNG.run(TestNG.java:1079)
	at com.intellij.rt.testng.IDEARemoteTestNG.run(IDEARemoteTestNG.java:65)
	at com.intellij.rt.testng.RemoteTestNGStarter.main(RemoteTestNGStarter.java:105)
2025-08-17 12:48:13 [main] ERROR tests.LoginTest - Exception occurred
java.lang.NoSuchFieldException: driver
	at java.base/java.lang.Class.getDeclaredField(Class.java:2782)
	at Listeners.Listeners.onTestFailure(Listeners.java:27)
	at org.testng.internal.TestListenerHelper.runTestListeners(TestListenerHelper.java:115)
	at org.testng.internal.invokers.TestInvoker.runTestResultListener(TestInvoker.java:285)
	at org.testng.internal.invokers.TestInvoker$MethodInvocationAgent.invoke(TestInvoker.java:1013)
	at org.testng.internal.invokers.TestInvoker.invokeTestMethods(TestInvoker.java:203)
	at org.testng.internal.invokers.TestMethodWorker.invokeTestMethods(TestMethodWorker.java:154)
	at org.testng.internal.invokers.TestMethodWorker.run(TestMethodWorker.java:134)
	at java.base/java.util.ArrayList.forEach(ArrayList.java:1596)
	at org.testng.TestRunner.privateRun(TestRunner.java:741)
	at org.testng.TestRunner.run(TestRunner.java:616)
	at org.testng.SuiteRunner.runTest(SuiteRunner.java:421)
	at org.testng.SuiteRunner.runSequentially(SuiteRunner.java:413)
	at org.testng.SuiteRunner.privateRun(SuiteRunner.java:373)
	at org.testng.SuiteRunner.run(SuiteRunner.java:312)
	at org.testng.SuiteRunnerWorker.runSuite(SuiteRunnerWorker.java:52)
	at org.testng.SuiteRunnerWorker.run(SuiteRunnerWorker.java:95)
	at org.testng.TestNG.runSuitesSequentially(TestNG.java:1274)
	at org.testng.TestNG.runSuitesLocally(TestNG.java:1208)
	at org.testng.TestNG.runSuites(TestNG.java:1112)
	at org.testng.TestNG.run(TestNG.java:1079)
	at com.intellij.rt.testng.IDEARemoteTestNG.run(IDEARemoteTestNG.java:65)
	at com.intellij.rt.testng.RemoteTestNGStarter.main(RemoteTestNGStarter.java:105)
2025-08-17 12:51:33 [main] INFO  tests.LoginTest - Driver Initialized
2025-08-17 12:51:36 [main] INFO  tests.LoginTest - Starting Test LoginTest
2025-08-17 12:51:36 [main] INFO  tests.LoginTest - click on the account option
2025-08-17 12:51:36 [main] INFO  tests.LoginTest - click on the login option
2025-08-17 12:51:36 [main] INFO  tests.LoginTest - Successfully navigated to login page
2025-08-17 12:51:36 [main] INFO  tests.LoginTest - Entering email:selenium@gmail.com
2025-08-17 12:51:36 [main] INFO  tests.LoginTest - Entering password
2025-08-17 12:51:36 [main] INFO  tests.LoginTest - Verifying the Login status
2025-08-17 12:51:37 [main] INFO  tests.LoginTest - Successfully logged in
2025-08-17 12:51:37 [main] INFO  tests.LoginTest - Hover over the desktop option
2025-08-17 12:51:37 [main] INFO  tests.LoginTest - Hover over the mac option
2025-08-17 12:51:38 [main] INFO  tests.LoginTest - Getting the element locator
2025-08-17 12:51:39 [main] INFO  tests.LoginTest - Successfully navigate to the product %s
2025-08-17 12:51:39 [main] INFO  tests.LoginTest - Driver got closed
2025-08-17 12:51:56 [main] INFO  tests.LoginTest - Driver Initialized
2025-08-17 12:51:58 [main] INFO  tests.LoginTest - Starting Test LoginTest
2025-08-17 12:51:58 [main] INFO  tests.LoginTest - click on the account option
2025-08-17 12:51:59 [main] INFO  tests.LoginTest - click on the login option
2025-08-17 12:51:59 [main] INFO  tests.LoginTest - Successfully navigated to login page
2025-08-17 12:51:59 [main] INFO  tests.LoginTest - Entering email:selenium@gmail.com
2025-08-17 12:51:59 [main] INFO  tests.LoginTest - Entering password
2025-08-17 12:51:59 [main] INFO  tests.LoginTest - Verifying the Login status
2025-08-17 12:52:00 [main] INFO  tests.LoginTest - Successfully logged in
2025-08-17 12:52:00 [main] INFO  tests.LoginTest - Hover over the desktop option
2025-08-17 12:52:00 [main] INFO  tests.LoginTest - Hover over the mac option
2025-08-17 12:52:01 [main] INFO  tests.LoginTest - Getting the element locator
2025-08-17 12:52:02 [main] INFO  tests.LoginTest - Successfully navigate to the product %s
2025-08-17 12:52:02 [main] ERROR tests.LoginTest - Exception occurred
java.lang.NoSuchFieldException: driver
	at java.base/java.lang.Class.getDeclaredField(Class.java:2782)
	at Listeners.Listeners.onTestFailure(Listeners.java:27)
	at org.testng.internal.TestListenerHelper.runTestListeners(TestListenerHelper.java:115)
	at org.testng.internal.invokers.TestInvoker.runTestResultListener(TestInvoker.java:285)
	at org.testng.internal.invokers.TestInvoker.invokeMethod(TestInvoker.java:777)
	at org.testng.internal.invokers.TestInvoker.invokeTestMethod(TestInvoker.java:230)
	at org.testng.internal.invokers.MethodRunner.runInSequence(MethodRunner.java:63)
	at org.testng.internal.invokers.TestInvoker$MethodInvocationAgent.invoke(TestInvoker.java:995)
	at org.testng.internal.invokers.TestInvoker.invokeTestMethods(TestInvoker.java:203)
	at org.testng.internal.invokers.TestMethodWorker.invokeTestMethods(TestMethodWorker.java:154)
	at org.testng.internal.invokers.TestMethodWorker.run(TestMethodWorker.java:134)
	at java.base/java.util.ArrayList.forEach(ArrayList.java:1596)
	at org.testng.TestRunner.privateRun(TestRunner.java:741)
	at org.testng.TestRunner.run(TestRunner.java:616)
	at org.testng.SuiteRunner.runTest(SuiteRunner.java:421)
	at org.testng.SuiteRunner.runSequentially(SuiteRunner.java:413)
	at org.testng.SuiteRunner.privateRun(SuiteRunner.java:373)
	at org.testng.SuiteRunner.run(SuiteRunner.java:312)
	at org.testng.SuiteRunnerWorker.runSuite(SuiteRunnerWorker.java:52)
	at org.testng.SuiteRunnerWorker.run(SuiteRunnerWorker.java:95)
	at org.testng.TestNG.runSuitesSequentially(TestNG.java:1274)
	at org.testng.TestNG.runSuitesLocally(TestNG.java:1208)
	at org.testng.TestNG.runSuites(TestNG.java:1112)
	at org.testng.TestNG.run(TestNG.java:1079)
	at com.intellij.rt.testng.IDEARemoteTestNG.run(IDEARemoteTestNG.java:65)
	at com.intellij.rt.testng.RemoteTestNGStarter.main(RemoteTestNGStarter.java:105)
2025-08-17 12:52:02 [main] ERROR tests.LoginTest - Exception occurred
java.lang.NoSuchFieldException: driver
	at java.base/java.lang.Class.getDeclaredField(Class.java:2782)
	at Listeners.Listeners.onTestFailure(Listeners.java:27)
	at org.testng.internal.TestListenerHelper.runTestListeners(TestListenerHelper.java:115)
	at org.testng.internal.invokers.TestInvoker.runTestResultListener(TestInvoker.java:285)
	at org.testng.internal.invokers.TestInvoker$MethodInvocationAgent.invoke(TestInvoker.java:1013)
	at org.testng.internal.invokers.TestInvoker.invokeTestMethods(TestInvoker.java:203)
	at org.testng.internal.invokers.TestMethodWorker.invokeTestMethods(TestMethodWorker.java:154)
	at org.testng.internal.invokers.TestMethodWorker.run(TestMethodWorker.java:134)
	at java.base/java.util.ArrayList.forEach(ArrayList.java:1596)
	at org.testng.TestRunner.privateRun(TestRunner.java:741)
	at org.testng.TestRunner.run(TestRunner.java:616)
	at org.testng.SuiteRunner.runTest(SuiteRunner.java:421)
	at org.testng.SuiteRunner.runSequentially(SuiteRunner.java:413)
	at org.testng.SuiteRunner.privateRun(SuiteRunner.java:373)
	at org.testng.SuiteRunner.run(SuiteRunner.java:312)
	at org.testng.SuiteRunnerWorker.runSuite(SuiteRunnerWorker.java:52)
	at org.testng.SuiteRunnerWorker.run(SuiteRunnerWorker.java:95)
	at org.testng.TestNG.runSuitesSequentially(TestNG.java:1274)
	at org.testng.TestNG.runSuitesLocally(TestNG.java:1208)
	at org.testng.TestNG.runSuites(TestNG.java:1112)
	at org.testng.TestNG.run(TestNG.java:1079)
	at com.intellij.rt.testng.IDEARemoteTestNG.run(IDEARemoteTestNG.java:65)
	at com.intellij.rt.testng.RemoteTestNGStarter.main(RemoteTestNGStarter.java:105)
2025-08-17 12:55:58 [main] INFO  tests.LoginTest - Driver Initialized
2025-08-17 12:56:00 [main] INFO  tests.LoginTest - Starting Test LoginTest
2025-08-17 12:56:00 [main] INFO  tests.LoginTest - click on the account option
2025-08-17 12:56:01 [main] INFO  tests.LoginTest - click on the login option
2025-08-17 12:56:01 [main] INFO  tests.LoginTest - Successfully navigated to login page
2025-08-17 12:56:01 [main] INFO  tests.LoginTest - Entering email:selenium@gmail.com
2025-08-17 12:56:01 [main] INFO  tests.LoginTest - Entering password
2025-08-17 12:56:01 [main] INFO  tests.LoginTest - Verifying the Login status
2025-08-17 12:56:02 [main] INFO  tests.LoginTest - Successfully logged in
2025-08-17 12:56:02 [main] INFO  tests.LoginTest - Hover over the desktop option
2025-08-17 12:56:02 [main] INFO  tests.LoginTest - Hover over the mac option
2025-08-17 12:56:02 [main] INFO  tests.LoginTest - Getting the element locator
2025-08-17 12:56:03 [main] INFO  tests.LoginTest - Successfully navigate to the productiMac
2025-08-17 12:56:03 [main] INFO  tests.LoginTest - Driver got closed
2025-08-17 12:57:17 [main] INFO  tests.LoginTest - Driver Initialized
2025-08-17 12:57:19 [main] INFO  tests.LoginTest - Starting Test LoginTest
2025-08-17 12:57:19 [main] INFO  tests.LoginTest - click on the account option
2025-08-17 12:57:20 [main] INFO  tests.LoginTest - click on the login option
2025-08-17 12:57:20 [main] INFO  tests.LoginTest - Successfully navigated to login page
2025-08-17 12:57:20 [main] INFO  tests.LoginTest - Entering email:selenium@gmail.com
2025-08-17 12:57:20 [main] INFO  tests.LoginTest - Entering password
2025-08-17 12:57:20 [main] INFO  tests.LoginTest - Verifying the Login status
2025-08-17 12:57:21 [main] INFO  tests.LoginTest - Successfully logged in
2025-08-17 13:54:56 [main] INFO  tests.LoginTest - Driver Initialized
2025-08-17 13:54:58 [main] INFO  tests.LoginTest - Starting Test LoginTest
2025-08-17 13:54:59 [main] INFO  tests.LoginTest - click on the account option
2025-08-17 13:54:59 [main] INFO  tests.LoginTest - click on the login option
2025-08-17 13:54:59 [main] INFO  tests.LoginTest - Successfully navigated to login page
2025-08-17 13:54:59 [main] INFO  tests.LoginTest - Entering email:selenium@gmail.com
2025-08-17 13:54:59 [main] INFO  tests.LoginTest - Entering password
2025-08-17 13:54:59 [main] INFO  tests.LoginTest - Verifying the Login status
2025-08-17 13:55:03 [main] ERROR tests.LoginTest - Incorrect email & password
2025-08-17 13:55:03 [main] INFO  tests.SearchTest - Hover over the desktop option
2025-08-17 13:55:03 [main] ERROR tests.LoginTest - Exception occurred
java.lang.NoSuchFieldException: driver
	at java.base/java.lang.Class.getDeclaredField(Class.java:2782)
	at Listeners.Listeners.onTestFailure(Listeners.java:27)
	at org.testng.internal.TestListenerHelper.runTestListeners(TestListenerHelper.java:115)
	at org.testng.internal.invokers.TestInvoker.runTestResultListener(TestInvoker.java:285)
	at org.testng.internal.invokers.TestInvoker.invokeMethod(TestInvoker.java:777)
	at org.testng.internal.invokers.TestInvoker.invokeTestMethod(TestInvoker.java:230)
	at org.testng.internal.invokers.MethodRunner.runInSequence(MethodRunner.java:63)
	at org.testng.internal.invokers.TestInvoker$MethodInvocationAgent.invoke(TestInvoker.java:995)
	at org.testng.internal.invokers.TestInvoker.invokeTestMethods(TestInvoker.java:203)
	at org.testng.internal.invokers.TestMethodWorker.invokeTestMethods(TestMethodWorker.java:154)
	at org.testng.internal.invokers.TestMethodWorker.run(TestMethodWorker.java:134)
	at java.base/java.util.ArrayList.forEach(ArrayList.java:1596)
	at org.testng.TestRunner.privateRun(TestRunner.java:741)
	at org.testng.TestRunner.run(TestRunner.java:616)
	at org.testng.SuiteRunner.runTest(SuiteRunner.java:421)
	at org.testng.SuiteRunner.runSequentially(SuiteRunner.java:413)
	at org.testng.SuiteRunner.privateRun(SuiteRunner.java:373)
	at org.testng.SuiteRunner.run(SuiteRunner.java:312)
	at org.testng.SuiteRunnerWorker.runSuite(SuiteRunnerWorker.java:52)
	at org.testng.SuiteRunnerWorker.run(SuiteRunnerWorker.java:95)
	at org.testng.TestNG.runSuitesSequentially(TestNG.java:1274)
	at org.testng.TestNG.runSuitesLocally(TestNG.java:1208)
	at org.testng.TestNG.runSuites(TestNG.java:1112)
	at org.testng.TestNG.run(TestNG.java:1079)
	at com.intellij.rt.testng.IDEARemoteTestNG.run(IDEARemoteTestNG.java:65)
	at com.intellij.rt.testng.RemoteTestNGStarter.main(RemoteTestNGStarter.java:105)
2025-08-17 13:55:03 [main] ERROR tests.LoginTest - Exception occurred
java.lang.NoSuchFieldException: driver
	at java.base/java.lang.Class.getDeclaredField(Class.java:2782)
	at Listeners.Listeners.onTestFailure(Listeners.java:27)
	at org.testng.internal.TestListenerHelper.runTestListeners(TestListenerHelper.java:115)
	at org.testng.internal.invokers.TestInvoker.runTestResultListener(TestInvoker.java:285)
	at org.testng.internal.invokers.TestInvoker$MethodInvocationAgent.invoke(TestInvoker.java:1013)
	at org.testng.internal.invokers.TestInvoker.invokeTestMethods(TestInvoker.java:203)
	at org.testng.internal.invokers.TestMethodWorker.invokeTestMethods(TestMethodWorker.java:154)
	at org.testng.internal.invokers.TestMethodWorker.run(TestMethodWorker.java:134)
	at java.base/java.util.ArrayList.forEach(ArrayList.java:1596)
	at org.testng.TestRunner.privateRun(TestRunner.java:741)
	at org.testng.TestRunner.run(TestRunner.java:616)
	at org.testng.SuiteRunner.runTest(SuiteRunner.java:421)
	at org.testng.SuiteRunner.runSequentially(SuiteRunner.java:413)
	at org.testng.SuiteRunner.privateRun(SuiteRunner.java:373)
	at org.testng.SuiteRunner.run(SuiteRunner.java:312)
	at org.testng.SuiteRunnerWorker.runSuite(SuiteRunnerWorker.java:52)
	at org.testng.SuiteRunnerWorker.run(SuiteRunnerWorker.java:95)
	at org.testng.TestNG.runSuitesSequentially(TestNG.java:1274)
	at org.testng.TestNG.runSuitesLocally(TestNG.java:1208)
	at org.testng.TestNG.runSuites(TestNG.java:1112)
	at org.testng.TestNG.run(TestNG.java:1079)
	at com.intellij.rt.testng.IDEARemoteTestNG.run(IDEARemoteTestNG.java:65)
	at com.intellij.rt.testng.RemoteTestNGStarter.main(RemoteTestNGStarter.java:105)
2025-08-17 13:55:10 [main] INFO  tests.LoginTest - Driver Initialized
2025-08-17 13:55:12 [main] INFO  tests.LoginTest - Starting Test LoginTest
2025-08-17 13:55:12 [main] INFO  tests.LoginTest - click on the account option
2025-08-17 13:55:13 [main] INFO  tests.LoginTest - click on the login option
2025-08-17 13:55:13 [main] INFO  tests.LoginTest - Successfully navigated to login page
2025-08-17 13:55:13 [main] INFO  tests.LoginTest - Entering email:selenium@gmail.com
2025-08-17 13:55:13 [main] INFO  tests.LoginTest - Entering password
2025-08-17 13:55:14 [main] INFO  tests.LoginTest - Verifying the Login status
2025-08-17 13:55:14 [main] INFO  tests.LoginTest - Successfully logged in
2025-08-17 13:55:14 [main] INFO  tests.SearchTest - Hover over the desktop option
2025-08-17 13:55:14 [main] INFO  tests.SearchTest - Hover over the mac option
2025-08-17 13:55:14 [main] INFO  tests.SearchTest - Getting the element locator
2025-08-17 13:55:15 [main] INFO  tests.SearchTest - Successfully navigate to the productiMac
2025-08-17 13:55:15 [main] INFO  tests.LoginTest - Driver got closed
2025-08-17 14:24:40 [main] INFO  resources.Base - Driver successfully initiated
2025-08-17 14:26:08 [main] INFO  resources.Base - Driver successfully initiated
2025-08-17 14:26:10 [main] INFO  tests.LoginTest - Starting Test LoginTest
2025-08-17 14:26:10 [main] INFO  tests.LoginTest - click on the account option
2025-08-17 14:26:11 [main] INFO  tests.LoginTest - click on the login option
2025-08-17 14:26:11 [main] INFO  tests.LoginTest - Successfully navigated to login page
2025-08-17 14:26:11 [main] INFO  tests.LoginTest - Entering email:selenium@gmail.com
2025-08-17 14:26:11 [main] INFO  tests.LoginTest - Entering password
2025-08-17 14:26:12 [main] INFO  tests.LoginTest - Verifying the Login status
2025-08-17 14:26:12 [main] INFO  tests.LoginTest - Successfully logged in
2025-08-17 14:26:12 [main] INFO  tests.SearchTest - Hover over the desktop option
2025-08-17 14:26:12 [main] INFO  tests.SearchTest - Hover over the mac option
2025-08-17 14:26:12 [main] INFO  tests.SearchTest - Getting the element locator
2025-08-17 14:26:13 [main] INFO  tests.SearchTest - Successfully navigate to the productiMac
2025-08-17 14:26:13 [main] INFO  tests.LoginTest - Driver got closed
